0 info it worked if it ends with ok
1 verbose cli [ '/usr/local/bin/node',
1 verbose cli   '/usr/local/bin/npm',
1 verbose cli   'install',
1 verbose cli   'markdown',
1 verbose cli   'metalsmith-makrdown' ]
2 info using npm@3.10.8
3 info using node@v7.0.0
4 silly loadCurrentTree Starting
5 silly install loadCurrentTree
6 silly install readLocalPackageData
7 silly fetchPackageMetaData markdown
8 silly fetchPackageMetaData metalsmith-makrdown
9 silly fetchNamedPackageData markdown
10 silly mapToRegistry name markdown
11 silly mapToRegistry using default registry
12 silly mapToRegistry registry https://registry.npmjs.org/
13 silly mapToRegistry data Result {
13 silly mapToRegistry   raw: 'markdown',
13 silly mapToRegistry   scope: null,
13 silly mapToRegistry   escapedName: 'markdown',
13 silly mapToRegistry   name: 'markdown',
13 silly mapToRegistry   rawSpec: '',
13 silly mapToRegistry   spec: 'latest',
13 silly mapToRegistry   type: 'tag' }
14 silly mapToRegistry uri https://registry.npmjs.org/markdown
15 silly fetchNamedPackageData metalsmith-makrdown
16 silly mapToRegistry name metalsmith-makrdown
17 silly mapToRegistry using default registry
18 silly mapToRegistry registry https://registry.npmjs.org/
19 silly mapToRegistry data Result {
19 silly mapToRegistry   raw: 'metalsmith-makrdown',
19 silly mapToRegistry   scope: null,
19 silly mapToRegistry   escapedName: 'metalsmith-makrdown',
19 silly mapToRegistry   name: 'metalsmith-makrdown',
19 silly mapToRegistry   rawSpec: '',
19 silly mapToRegistry   spec: 'latest',
19 silly mapToRegistry   type: 'tag' }
20 silly mapToRegistry uri https://registry.npmjs.org/metalsmith-makrdown
21 verbose request uri https://registry.npmjs.org/metalsmith-makrdown
22 verbose request no auth needed
23 info attempt registry request try #1 at 8:20:52 PM
24 verbose request using bearer token for auth
25 verbose request id 1e85aaf1a40ce99e
26 http request GET https://registry.npmjs.org/metalsmith-makrdown
27 verbose request uri https://registry.npmjs.org/markdown
28 verbose request no auth needed
29 info attempt registry request try #1 at 8:20:53 PM
30 verbose request using bearer token for auth
31 verbose etag W/"58434965-25e3"
32 verbose lastModified Sat, 03 Dec 2016 22:38:29 GMT
33 http request GET https://registry.npmjs.org/markdown
34 http 404 https://registry.npmjs.org/metalsmith-makrdown
35 verbose headers { 'content-type': 'application/json',
35 verbose headers   'cache-control': 'max-age=0',
35 verbose headers   'content-length': '2',
35 verbose headers   'accept-ranges': 'bytes',
35 verbose headers   date: 'Mon, 19 Dec 2016 03:20:47 GMT',
35 verbose headers   via: '1.1 varnish',
35 verbose headers   connection: 'keep-alive',
35 verbose headers   'x-served-by': 'cache-lax8632-LAX',
35 verbose headers   'x-cache': 'MISS',
35 verbose headers   'x-cache-hits': '0',
35 verbose headers   'x-timer': 'S1482117647.133871,VS0,VE170',
35 verbose headers   vary: 'Accept-Encoding' }
36 silly get cb [ 404,
36 silly get   { 'content-type': 'application/json',
36 silly get     'cache-control': 'max-age=0',
36 silly get     'content-length': '2',
36 silly get     'accept-ranges': 'bytes',
36 silly get     date: 'Mon, 19 Dec 2016 03:20:47 GMT',
36 silly get     via: '1.1 varnish',
36 silly get     connection: 'keep-alive',
36 silly get     'x-served-by': 'cache-lax8632-LAX',
36 silly get     'x-cache': 'MISS',
36 silly get     'x-cache-hits': '0',
36 silly get     'x-timer': 'S1482117647.133871,VS0,VE170',
36 silly get     vary: 'Accept-Encoding' } ]
37 silly fetchPackageMetaData Error: Registry returned 404 for GET on https://registry.npmjs.org/metalsmith-makrdown
37 silly fetchPackageMetaData     at makeError (/usr/local/lib/node_modules/npm/node_modules/npm-registry-client/lib/request.js:302:12)
37 silly fetchPackageMetaData     at CachingRegistryClient.<anonymous> (/usr/local/lib/node_modules/npm/node_modules/npm-registry-client/lib/request.js:280:14)
37 silly fetchPackageMetaData     at Request._callback (/usr/local/lib/node_modules/npm/node_modules/npm-registry-client/lib/request.js:210:14)
37 silly fetchPackageMetaData     at Request.self.callback (/usr/local/lib/node_modules/npm/node_modules/request/request.js:187:22)
37 silly fetchPackageMetaData     at emitTwo (events.js:106:13)
37 silly fetchPackageMetaData     at Request.emit (events.js:191:7)
37 silly fetchPackageMetaData     at Request.<anonymous> (/usr/local/lib/node_modules/npm/node_modules/request/request.js:1044:10)
37 silly fetchPackageMetaData     at emitOne (events.js:96:13)
37 silly fetchPackageMetaData     at Request.emit (events.js:188:7)
37 silly fetchPackageMetaData     at IncomingMessage.<anonymous> (/usr/local/lib/node_modules/npm/node_modules/request/request.js:965:12)
37 silly fetchPackageMetaData  error for metalsmith-makrdown { Error: Registry returned 404 for GET on https://registry.npmjs.org/metalsmith-makrdown
37 silly fetchPackageMetaData     at makeError (/usr/local/lib/node_modules/npm/node_modules/npm-registry-client/lib/request.js:302:12)
37 silly fetchPackageMetaData     at CachingRegistryClient.<anonymous> (/usr/local/lib/node_modules/npm/node_modules/npm-registry-client/lib/request.js:280:14)
37 silly fetchPackageMetaData     at Request._callback (/usr/local/lib/node_modules/npm/node_modules/npm-registry-client/lib/request.js:210:14)
37 silly fetchPackageMetaData     at Request.self.callback (/usr/local/lib/node_modules/npm/node_modules/request/request.js:187:22)
37 silly fetchPackageMetaData     at emitTwo (events.js:106:13)
37 silly fetchPackageMetaData     at Request.emit (events.js:191:7)
37 silly fetchPackageMetaData     at Request.<anonymous> (/usr/local/lib/node_modules/npm/node_modules/request/request.js:1044:10)
37 silly fetchPackageMetaData     at emitOne (events.js:96:13)
37 silly fetchPackageMetaData     at Request.emit (events.js:188:7)
37 silly fetchPackageMetaData     at IncomingMessage.<anonymous> (/usr/local/lib/node_modules/npm/node_modules/request/request.js:965:12) pkgid: 'metalsmith-makrdown', statusCode: 404, code: 'E404' }
38 http 304 https://registry.npmjs.org/markdown
39 verbose headers { server: 'nginx/1.10.1',
39 verbose headers   'last-modified': 'Sat, 03 Dec 2016 22:38:29 GMT',
39 verbose headers   etag: '"58434965-25e3"',
39 verbose headers   'cache-control': 'max-age=300',
39 verbose headers   'accept-ranges': 'bytes',
39 verbose headers   date: 'Mon, 19 Dec 2016 03:20:47 GMT',
39 verbose headers   via: '1.1 varnish',
39 verbose headers   connection: 'keep-alive',
39 verbose headers   'x-served-by': 'cache-lax8637-LAX',
39 verbose headers   'x-cache': 'MISS',
39 verbose headers   'x-cache-hits': '0',
39 verbose headers   'x-timer': 'S1482117647.139623,VS0,VE176',
39 verbose headers   vary: 'Accept-Encoding' }
40 silly get cb [ 304,
40 silly get   { server: 'nginx/1.10.1',
40 silly get     'last-modified': 'Sat, 03 Dec 2016 22:38:29 GMT',
40 silly get     etag: '"58434965-25e3"',
40 silly get     'cache-control': 'max-age=300',
40 silly get     'accept-ranges': 'bytes',
40 silly get     date: 'Mon, 19 Dec 2016 03:20:47 GMT',
40 silly get     via: '1.1 varnish',
40 silly get     connection: 'keep-alive',
40 silly get     'x-served-by': 'cache-lax8637-LAX',
40 silly get     'x-cache': 'MISS',
40 silly get     'x-cache-hits': '0',
40 silly get     'x-timer': 'S1482117647.139623,VS0,VE176',
40 silly get     vary: 'Accept-Encoding' } ]
41 verbose etag https://registry.npmjs.org/markdown from cache
42 verbose get saving markdown to /Users/jhyland/.npm/registry.npmjs.org/markdown/.cache.json
43 verbose correctMkdir /Users/jhyland/.npm correctMkdir not in flight; initializing
44 silly rollbackFailedOptional Starting
45 silly rollbackFailedOptional Finishing
46 silly runTopLevelLifecycles Finishing
47 silly install printInstalled
48 verbose stack Error: Registry returned 404 for GET on https://registry.npmjs.org/metalsmith-makrdown
48 verbose stack     at makeError (/usr/local/lib/node_modules/npm/node_modules/npm-registry-client/lib/request.js:302:12)
48 verbose stack     at CachingRegistryClient.<anonymous> (/usr/local/lib/node_modules/npm/node_modules/npm-registry-client/lib/request.js:280:14)
48 verbose stack     at Request._callback (/usr/local/lib/node_modules/npm/node_modules/npm-registry-client/lib/request.js:210:14)
48 verbose stack     at Request.self.callback (/usr/local/lib/node_modules/npm/node_modules/request/request.js:187:22)
48 verbose stack     at emitTwo (events.js:106:13)
48 verbose stack     at Request.emit (events.js:191:7)
48 verbose stack     at Request.<anonymous> (/usr/local/lib/node_modules/npm/node_modules/request/request.js:1044:10)
48 verbose stack     at emitOne (events.js:96:13)
48 verbose stack     at Request.emit (events.js:188:7)
48 verbose stack     at IncomingMessage.<anonymous> (/usr/local/lib/node_modules/npm/node_modules/request/request.js:965:12)
49 verbose statusCode 404
50 verbose pkgid metalsmith-makrdown
51 verbose cwd /Users/jhyland/Documents/Projects/geekwiki.io
52 error Darwin 15.5.0
53 error argv "/usr/local/bin/node" "/usr/local/bin/npm" "install" "markdown" "metalsmith-makrdown"
54 error node v7.0.0
55 error npm  v3.10.8
56 error code E404
57 error 404 Registry returned 404 for GET on https://registry.npmjs.org/metalsmith-makrdown
58 error 404
59 error 404 'metalsmith-makrdown' is not in the npm registry.
60 error 404 You should bug the author to publish it (or use the name yourself!)
61 error 404 Note that you can also install from a
62 error 404 tarball, folder, http url, or git url.
63 verbose exit [ 1, true ]
